[08:47:36] [ServerMain/ERROR]: Failed to load properties from file: server.properties
java.nio.file.NoSuchFileException: server.properties
	at java.base/sun.nio.fs.UnixException.translateToIOException(UnixException.java:92) ~[?:?]
	at java.base/sun.nio.fs.UnixException.rethrowAsIOException(UnixException.java:106) ~[?:?]
	at java.base/sun.nio.fs.UnixException.rethrowAsIOException(UnixException.java:111) ~[?:?]
	at java.base/sun.nio.fs.UnixFileSystemProvider.newByteChannel(UnixFileSystemProvider.java:261) ~[?:?]
	at java.base/java.nio.file.Files.newByteChannel(Files.java:379) ~[?:?]
	at java.base/java.nio.file.Files.newByteChannel(Files.java:431) ~[?:?]
	at java.base/java.nio.file.spi.FileSystemProvider.newInputStream(FileSystemProvider.java:420) ~[?:?]
	at java.base/java.nio.file.Files.newInputStream(Files.java:159) ~[?:?]
	at arm.b(SourceFile:62) ~[server-1.21.8.jar:?]
	at arj.a(SourceFile:143) ~[server-1.21.8.jar:?]
	at ark.<init>(SourceFile:12) ~[server-1.21.8.jar:?]
	at net.minecraft.server.Main.main(SourceFile:117) ~[server-1.21.8.jar:?]
	at net.minecraft.bundler.Main.lambda$run$0(Main.java:54) ~[?:?]
	at java.base/java.lang.Thread.run(Thread.java:1583) [?:?]
[08:47:36] [ServerMain/INFO]: Environment: Environment[sessionHost=https://sessionserver.mojang.com, servicesHost=https://api.minecraftservices.com, name=PROD]
[08:47:37] [ServerMain/INFO]: No existing world data, creating new world
[08:47:38] [ServerMain/INFO]: Loaded 1407 recipes
[08:47:38] [ServerMain/INFO]: Loaded 1520 advancements
[08:47:38] [Server thread/INFO]: Starting minecraft server version 1.21.8
[08:47:38] [Server thread/INFO]: Loading properties
[08:47:38] [Server thread/INFO]: Default game type: SURVIVAL
[08:47:38] [Server thread/INFO]: Generating keypair
[08:47:38] [Server thread/INFO]: Starting Minecraft server on *:25565
[08:47:38] [Server thread/INFO]: Using epoll channel type
[08:47:38] [Server thread/INFO]: Preparing level "world"
[08:47:40] [Server thread/INFO]: Preparing start region for dimension minecraft:overworld
[08:47:40] [Worker-Main-2/INFO]: Preparing spawn area: 2%
[08:47:40] [Worker-Main-12/INFO]: Preparing spawn area: 18%
[08:47:41] [Worker-Main-15/INFO]: Preparing spawn area: 51%
[08:47:41] [Server thread/INFO]: Time elapsed: 1230 ms
[08:47:41] [Server thread/INFO]: Done (2.743s)! For help, type "help"
[08:48:41] [Server thread/INFO]: Server empty for 60 seconds, pausing
